<?xml version="1.0" encoding="UTF-8"?>
<!-- Generated by org.testng.reporters.JUnitReportReporter -->
<testsuite skipped="0" hostname="VIPUL" name="simpleTest" tests="1" failures="0" timestamp="24 Feb 2020 06:23:47 GMT" time="12.644" errors="0">
  <testcase name="sample" time="12.644" classname="simpleTest"/>
</testsuite> <!-- simpleTest -->
